<?xml version="1.0" encoding="UTF-8"?>
<!-- Generated by org.testng.reporters.JUnitXMLReporter -->
<testsuite ignored="0" hostname="IE4LLTBZN4PQ2" failures="0" tests="3" name="Default test" time="109.907" errors="0" timestamp="2022-09-03T12:29:10 IST">
  <testcase classname="swiggyAppTesting.SwiggyAppTest" name="changeLocation" time="15.194"/>
  <testcase classname="swiggyAppTesting.SwiggyAppTest" name="searchItemTest" time="24.561"/>
  <testcase classname="swiggyAppTesting.SwiggyAppTest" name="searchRestaurantTest" time="19.001"/>
</testsuite> <!-- Default test -->
