<?xml version="1.0" encoding="UTF-8"?>
<!-- Generated by org.testng.reporters.JUnitXMLReporter -->
<testsuite ignored="0" hostname="IE4LLTBZN4PQ2" failures="0" tests="3" name="Default test" time="102.339" errors="0" timestamp="2022-08-31T17:17:40 IST">
  <testcase classname="swiggyAppTesting.SwiggyAppTest" name="changeLocation" time="9.858"/>
  <testcase classname="swiggyAppTesting.SwiggyAppTest" name="searchItemTest" time="23.815"/>
  <testcase classname="swiggyAppTesting.SwiggyAppTest" name="searchRestaurantTest" time="19.971"/>
</testsuite> <!-- Default test -->
