<?xml version="1.0" encoding="UTF-8"?>
<testng-results ignored="0" total="3" passed="3" failed="0" skipped="0">
  <reporter-output>
  </reporter-output>
  <suite started-at="2022-09-03T12:51:50 IST" name="Suite" finished-at="2022-09-03T12:53:45 IST" duration-ms="114518">
    <groups>
    </groups>
    <test started-at="2022-09-03T12:51:50 IST" name="Test" finished-at="2022-09-03T12:53:45 IST" duration-ms="114518">
      <class name="swiggyAppTesting.SwiggyAppTest">
        <test-method is-config="true" signature="setUp()[pri:0, instance:swiggyAppTesting.SwiggyAppTest@483f6d77]" started-at="2022-09-03T12:51:50 IST" name="setUp" finished-at="2022-09-03T12:52:42 IST" duration-ms="52421" status="PASS">
          <reporter-output>
          </reporter-output>
        </test-method> <!-- setUp -->
        <test-method signature="changeLocation()[pri:0, instance:swiggyAppTesting.SwiggyAppTest@483f6d77]" started-at="2022-09-03T12:52:43 IST" name="changeLocation" finished-at="2022-09-03T12:52:59 IST" duration-ms="16137" status="PASS">
          <reporter-output>
          </reporter-output>
        </test-method> <!-- changeLocation -->
        <test-method signature="searchItemTest()[pri:0, instance:swiggyAppTesting.SwiggyAppTest@483f6d77]" started-at="2022-09-03T12:52:59 IST" name="searchItemTest" finished-at="2022-09-03T12:53:21 IST" duration-ms="22779" status="PASS">
          <reporter-output>
          </reporter-output>
        </test-method> <!-- searchItemTest -->
        <test-method signature="searchRestaurantTest()[pri:0, instance:swiggyAppTesting.SwiggyAppTest@483f6d77]" started-at="2022-09-03T12:53:21 IST" name="searchRestaurantTest" finished-at="2022-09-03T12:53:43 IST" duration-ms="21081" status="PASS">
          <reporter-output>
          </reporter-output>
        </test-method> <!-- searchRestaurantTest -->
        <test-method is-config="true" signature="tearDown()[pri:0, instance:swiggyAppTesting.SwiggyAppTest@483f6d77]" started-at="2022-09-03T12:53:43 IST" name="tearDown" finished-at="2022-09-03T12:53:45 IST" duration-ms="2037" status="PASS">
          <reporter-output>
          </reporter-output>
        </test-method> <!-- tearDown -->
      </class> <!-- swiggyAppTesting.SwiggyAppTest -->
    </test> <!-- Test -->
  </suite> <!-- Suite -->
</testng-results>
