<?xml version="1.0" encoding="UTF-8"?>
<testng-results ignored="0" total="3" passed="3" failed="0" skipped="0">
  <reporter-output>
  </reporter-output>
  <suite started-at="2022-08-31T17:15:58 IST" name="Default suite" finished-at="2022-08-31T17:17:40 IST" duration-ms="102339">
    <groups>
    </groups>
    <test started-at="2022-08-31T17:15:58 IST" name="Default test" finished-at="2022-08-31T17:17:40 IST" duration-ms="102339">
      <class name="swiggyAppTesting.SwiggyAppTest">
        <test-method is-config="true" signature="setUp()[pri:0, instance:swiggyAppTesting.SwiggyAppTest@483f6d77]" started-at="2022-08-31T17:15:58 IST" name="setUp" finished-at="2022-08-31T17:16:45 IST" duration-ms="46963" status="PASS">
          <reporter-output>
          </reporter-output>
        </test-method> <!-- setUp -->
        <test-method signature="changeLocation()[pri:0, instance:swiggyAppTesting.SwiggyAppTest@483f6d77]" started-at="2022-08-31T17:16:45 IST" name="changeLocation" finished-at="2022-08-31T17:16:55 IST" duration-ms="9858" status="PASS">
          <reporter-output>
          </reporter-output>
        </test-method> <!-- changeLocation -->
        <test-method signature="searchItemTest()[pri:0, instance:swiggyAppTesting.SwiggyAppTest@483f6d77]" started-at="2022-08-31T17:16:55 IST" name="searchItemTest" finished-at="2022-08-31T17:17:18 IST" duration-ms="23815" status="PASS">
          <reporter-output>
          </reporter-output>
        </test-method> <!-- searchItemTest -->
        <test-method signature="searchRestaurantTest()[pri:0, instance:swiggyAppTesting.SwiggyAppTest@483f6d77]" started-at="2022-08-31T17:17:18 IST" name="searchRestaurantTest" finished-at="2022-08-31T17:17:38 IST" duration-ms="19971" status="PASS">
          <reporter-output>
          </reporter-output>
        </test-method> <!-- searchRestaurantTest -->
        <test-method is-config="true" signature="tearDown()[pri:0, instance:swiggyAppTesting.SwiggyAppTest@483f6d77]" started-at="2022-08-31T17:17:38 IST" name="tearDown" finished-at="2022-08-31T17:17:40 IST" duration-ms="1681" status="PASS">
          <reporter-output>
          </reporter-output>
        </test-method> <!-- tearDown -->
      </class> <!-- swiggyAppTesting.SwiggyAppTest -->
    </test> <!-- Default test -->
  </suite> <!-- Default suite -->
</testng-results>
